<?xml version="1.0" encoding="UTF-8"?>
<!-- Generated by org.testng.reporters.JUnitReportReporter -->
<testsuite hostname="krish" failures="0" tests="1" name="com.HRM_copy.Create_Corporate03" time="8.761" errors="0" timestamp="2023-04-06T09:58:14 IST" skipped="0">
  <testcase classname="com.HRM_copy.Create_Corporate03" name="CreateCorporate03" time="8.761"/>
  <system-out/>
</testsuite> <!-- com.HRM_copy.Create_Corporate03 -->
