<?xml version="1.0" encoding="UTF-8"?>
<!-- Generated by org.testng.reporters.JUnitReportReporter -->
<testsuite hostname="krish" failures="0" tests="1" name="com.HRM_copy.Create_Employee_with_HrHeadCredentials04" time="16.802" errors="0" timestamp="2023-04-06T09:58:14 IST" skipped="0">
  <testcase classname="com.HRM_copy.Create_Employee_with_HrHeadCredentials04" name="createEmployee" time="16.802"/>
  <system-out/>
</testsuite> <!-- com.HRM_copy.Create_Employee_with_HrHeadCredentials04 -->
